<?xml version="1.0" encoding="UTF-8"?>
<testng-results ignored="0" total="1" passed="1" failed="0" skipped="0">
  <reporter-output>
  </reporter-output>
  <suite started-at="2024-11-24T12:08:59 IST" name="Default suite" finished-at="2024-11-24T12:09:26 IST" duration-ms="26718">
    <groups>
    </groups>
    <test started-at="2024-11-24T12:08:59 IST" name="Default test" finished-at="2024-11-24T12:09:26 IST" duration-ms="26718">
      <class name="com.testng.GmailSignUp">
        <test-method signature="testGmailSignUp(java.lang.String,java.lang.String,java.lang.String,java.lang.String,java.lang.String,java.lang.String)[pri:0, instance:com.testng.GmailSignUp@543295b0]" started-at="2024-11-24T12:08:59 IST" name="testGmailSignUp" data-provider="GmailSignUpData" finished-at="2024-11-24T12:09:25 IST" duration-ms="26616" status="PASS">
          <params>
            <param index="0">
              <value>
                <![CDATA[Talha]]>
              </value>
            </param>
            <param index="1">
              <value>
                <![CDATA[Tai]]>
              </value>
            </param>
            <param index="2">
              <value>
                <![CDATA[April]]>
              </value>
            </param>
            <param index="3">
              <value>
                <![CDATA[10]]>
              </value>
            </param>
            <param index="4">
              <value>
                <![CDATA[1990]]>
              </value>
            </param>
            <param index="5">
              <value>
                <![CDATA[Male]]>
              </value>
            </param>
          </params>
          <reporter-output>
          </reporter-output>
        </test-method> <!-- testGmailSignUp -->
      </class> <!-- com.testng.GmailSignUp -->
    </test> <!-- Default test -->
  </suite> <!-- Default suite -->
</testng-results>
